#
# There is insufficient memory for the Java Runtime Environment to continue.
# Native memory allocation (mmap) failed to map 268435456 bytes for Failed to commit area from 0x0000000701e00000 to 0x0000000711e00000 of length 268435456.
# Possible reasons:
#   The system is out of physical RAM or swap space
#   The process is running with CompressedOops enabled, and the Java Heap may be blocking the growth of the native heap
# Possible solutions:
#   Reduce memory load on the system
#   Increase physical memory or swap space
#   Check if swap backing store is full
#   Decrease Java heap size (-Xmx/-Xms)
#   Decrease number of Java threads
#   Decrease Java thread stack sizes (-Xss)
#   Set larger code cache with -XX:ReservedCodeCacheSize=
# This output file may be truncated or incomplete.
#
#  Out of Memory Error (t:/workspace/open/src/hotspot/os/windows/os_windows.cpp:3269), pid=22692, tid=22752
#
# JRE version:  (11.0.2+9) (build )
# Java VM: Java HotSpot(TM) 64-Bit Server VM (11.0.2+9-LTS, mixed mode, aot, sharing, tiered, compressed oops, g1 gc, windows-amd64)
# No core dump will be written. Minidumps are not enabled by default on client versions of Windows
#

---------------  S U M M A R Y ------------

Command Line: -Dfile.encoding=GBK Stream.RC4test

Host: Intel(R) Core(TM) i7-8750H CPU @ 2.20GHz, 12 cores, 15G,  Windows 10 , 64 bit Build 22621 (10.0.22621.1325)
Time: Sun Mar  5 23:10:44 2023 中国标准时间 elapsed time: 0 seconds (0d 0h 0m 0s)

---------------  T H R E A D  ---------------

Current thread (0x00000207bc634000):  JavaThread "Unknown thread" [_thread_in_vm, id=22752, stack(0x0000008aab700000,0x0000008aab800000)]

Stack: [0x0000008aab700000,0x0000008aab800000]
Native frames: (J=compiled Java code, j=interpreted, Vv=VM code, C=native code)
V  [jvm.dll+0x63574a]
V  [jvm.dll+0x77326f]
V  [jvm.dll+0x77491a]
V  [jvm.dll+0x774fd3]
V  [jvm.dll+0x25e418]
V  [jvm.dll+0x632c0a]
V  [jvm.dll+0x627645]
V  [jvm.dll+0x314e7c]
V  [jvm.dll+0x314d02]
V  [jvm.dll+0x31a576]
V  [jvm.dll+0x36635f]
V  [jvm.dll+0x365d80]
V  [jvm.dll+0x2f19f8]
V  [jvm.dll+0x2f2b56]
V  [jvm.dll+0x74c817]
V  [jvm.dll+0x74df5f]
V  [jvm.dll+0x373179]
V  [jvm.dll+0x732eb9]
V  [jvm.dll+0x3e295d]
V  [jvm.dll+0x3e4c61]
C  [javaw.exe+0x3617]
C  [javaw.exe+0x17e2c]
C  [KERNEL32.DLL+0x126bd]
C  [ntdll.dll+0x5a9f8]


---------------  P R O C E S S  ---------------

Threads class SMR info:
_java_thread_list=0x00000207bc420af0, length=0, elements={
}

Java Threads: ( => current thread )

Other Threads:
  0x00000207bc64b800 GCTaskThread "GC Thread#0" [stack: 0x0000008aab800000,0x0000008aab900000] [id=22756]
  0x00000207bc6ab800 ConcurrentGCThread "G1 Main Marker" [stack: 0x0000008aab900000,0x0000008aaba00000] [id=22760]
  0x00000207bc6ad800 ConcurrentGCThread "G1 Conc#0" [stack: 0x0000008aaba00000,0x0000008aabb00000] [id=22764]

[error occurred during error reporting (printing all threads), id 0xc0000005, EXCEPTION_ACCESS_VIOLATION (0xc0000005) at pc=0x00007ffde45e0197]

VM state:not at safepoint (not fully initialized)

VM Mutex/Monitor currently owned by a thread:  ([mutex/lock_event])
[0x00000207bc631ec0] Heap_lock - owner thread: 0x00000207bc634000

Heap address: 0x0000000701e00000, size: 4066 MB, Compressed Oops mode: Non-zero based: 0x0000000701e00000
Narrow klass base: 0x0000000000000000, Narrow klass shift: 0

GC Heap History (0 events):
No events

Deoptimization events (0 events):
No events

Classes redefined (0 events):
No events

Internal exceptions (0 events):
No events

Events (0 events):
No events


Dynamic libraries:
0x00007ff628790000 - 0x00007ff6287d7000 	D:\java1\bin\javaw.exe
0x00007ffe7be10000 - 0x00007ffe7c024000 	C:\WINDOWS\SYSTEM32\ntdll.dll
0x00007ffe7adc0000 - 0x00007ffe7ae83000 	C:\WINDOWS\System32\KERNEL32.DLL
0x00007ffe792c0000 - 0x00007ffe7965c000 	C:\WINDOWS\System32\KERNELBASE.dll
0x00007ffe7a050000 - 0x00007ffe7a0fe000 	C:\WINDOWS\System32\ADVAPI32.dll
0x00007ffe7aa20000 - 0x00007ffe7aac7000 	C:\WINDOWS\System32\msvcrt.dll
0x00007ffe7a350000 - 0x00007ffe7a3f4000 	C:\WINDOWS\System32\sechost.dll
0x00007ffe7aad0000 - 0x00007ffe7abe5000 	C:\WINDOWS\System32\RPCRT4.dll
0x00007ffe7a6c0000 - 0x00007ffe7a86d000 	C:\WINDOWS\System32\USER32.dll
0x00007ffe79bf0000 - 0x00007ffe79c16000 	C:\WINDOWS\System32\win32u.dll
0x00007ffe7a510000 - 0x00007ffe7a539000 	C:\WINDOWS\System32\GDI32.dll
0x00007ffe799b0000 - 0x00007ffe79ac3000 	C:\WINDOWS\System32\gdi32full.dll
0x00007ffe79ad0000 - 0x00007ffe79b6a000 	C:\WINDOWS\System32\msvcp_win.dll
0x00007ffe79660000 - 0x00007ffe79771000 	C:\WINDOWS\System32\ucrtbase.dll
0x00007ffe55080000 - 0x00007ffe5530e000 	C:\WINDOWS\WinSxS\amd64_microsoft.windows.common-controls_6595b64144ccf1df_6.0.22621.436_none_a94247dbc10d8414\COMCTL32.dll
0x00007ffe71880000 - 0x00007ffe7188a000 	C:\WINDOWS\SYSTEM32\VERSION.dll
0x00007ffe7b790000 - 0x00007ffe7b7c1000 	C:\WINDOWS\System32\IMM32.DLL
0x00007ffe72d60000 - 0x00007ffe72d76000 	D:\java1\bin\vcruntime140.dll
0x00007ffe1c2f0000 - 0x00007ffe1c39a000 	D:\java1\bin\msvcp140.dll
0x00007ffde42e0000 - 0x00007ffde4e07000 	D:\java1\bin\server\jvm.dll
0x00007ffe7b7d0000 - 0x00007ffe7b7d8000 	C:\WINDOWS\System32\PSAPI.DLL
0x00007ffe5af90000 - 0x00007ffe5af99000 	C:\WINDOWS\SYSTEM32\WSOCK32.dll
0x00007ffe718d0000 - 0x00007ffe71904000 	C:\WINDOWS\SYSTEM32\WINMM.dll
0x00007ffe79fb0000 - 0x00007ffe7a021000 	C:\WINDOWS\System32\WS2_32.dll
0x00007ffe782c0000 - 0x00007ffe782d8000 	C:\WINDOWS\SYSTEM32\kernel.appcore.dll
0x00007ffe6e0d0000 - 0x00007ffe6e0e1000 	D:\java1\bin\verify.dll
0x00007ffe76970000 - 0x00007ffe76b9e000 	C:\WINDOWS\SYSTEM32\DBGHELP.DLL
0x00007ffe79c20000 - 0x00007ffe79fa9000 	C:\WINDOWS\System32\combase.dll
0x00007ffe7a100000 - 0x00007ffe7a1d7000 	C:\WINDOWS\System32\OLEAUT32.dll
0x00007ffe658b0000 - 0x00007ffe658e2000 	C:\WINDOWS\SYSTEM32\dbgcore.DLL
0x00007ffe79b70000 - 0x00007ffe79beb000 	C:\WINDOWS\System32\bcryptPrimitives.dll
0x00007ffe6dfb0000 - 0x00007ffe6dfd9000 	D:\java1\bin\java.dll
0x00007ffe4da60000 - 0x00007ffe4da76000 	D:\java1\bin\zip.dll
0x00007ffe72d50000 - 0x00007ffe72d5a000 	D:\java1\bin\jimage.dll

dbghelp: loaded successfully - version: 4.0.5 - missing functions: none
symbol engine: initialized successfully - sym options: 0x614 - pdb path: .;D:\java1\bin;C:\WINDOWS\SYSTEM32;C:\WINDOWS\WinSxS\amd64_microsoft.windows.common-controls_6595b64144ccf1df_6.0.22621.436_none_a94247dbc10d8414;D:\java1\bin\server

VM Arguments:
jvm_args: -Dfile.encoding=GBK 
java_command: Stream.RC4test
java_class_path (initial): D:\eclipse\Stream\bin
Launcher Type: SUN_STANDARD

[Global flags]
     intx CICompilerCount                          = 4                                         {product} {ergonomic}
     uint ConcGCThreads                            = 3                                         {product} {ergonomic}
     uint G1ConcRefinementThreads                  = 10                                        {product} {ergonomic}
   size_t G1HeapRegionSize                         = 1048576                                   {product} {ergonomic}
    uintx GCDrainStackTargetSize                   = 64                                        {product} {ergonomic}
   size_t InitialHeapSize                          = 268435456                                 {product} {ergonomic}
   size_t MarkStackSize                            = 4194304                                   {product} {ergonomic}
   size_t MaxHeapSize                              = 4263510016                                {product} {ergonomic}
   size_t MinHeapDeltaBytes                        = 1048576                                   {product} {ergonomic}
    uintx NonNMethodCodeHeapSize                   = 5835340                                {pd product} {ergonomic}
    uintx NonProfiledCodeHeapSize                  = 122911450                              {pd product} {ergonomic}
    uintx ProfiledCodeHeapSize                     = 122911450                              {pd product} {ergonomic}
    uintx ReservedCodeCacheSize                    = 251658240                              {pd product} {ergonomic}
     bool SegmentedCodeCache                       = true                                      {product} {ergonomic}
     bool UseCompressedClassPointers               = true                                 {lp64_product} {ergonomic}
     bool UseCompressedOops                        = true                                 {lp64_product} {ergonomic}
     bool UseG1GC                                  = true                                      {product} {ergonomic}
     bool UseLargePagesIndividualAllocation        = false                                  {pd product} {ergonomic}

Logging:
Log output configuration:
 #0: stdout all=warning uptime,level,tags
 #1: stderr all=off uptime,level,tags

Environment Variables:
JAVA_HOME=D:\java2\jdk-19_windows-x64_bin\jdk-19.0.1
CLASSPATH=C:\Program Files\Java\jdk1.8.0_131\lib;".;D:\java2\jdk-19_windows-x64_bin\jdk-19.0.1\lib\dt.jar;D:\java2\jdk-19_windows-x64_bin\jdk-19.0.1\lib\tools.jar";
PATH=D:/java2/jdk-19_windows-x64_bin/jdk-19.0.1/bin/server;D:/java2/jdk-19_windows-x64_bin/jdk-19.0.1/bin;D:\java2\jdk-19_windows-x64_bin\jdk-19.0.1\bin;C:\Program Files\dotnet\;C:\Users\87570\AppData\Local\Microsoft\WindowsApps;C:\Users\87570\AppData\Local\Microsoft\WindowsApps;D:\Nmap;D:\Microsoft VS Code\bin;C:\Users\87570\AppData\Roaming\npm;"D:\java2\jdk-19_windows-x64_bin\jdk-19.0.1\bin;D:\java2\jdk-19_windows-x64_bin\jdk-19.0.1\jre\bin;";;C:\WINDOWS\system32;
USERNAME=87570
OS=Windows_NT
PROCESSOR_IDENTIFIER=Intel64 Family 6 Model 158 Stepping 10, GenuineIntel



---------------  S Y S T E M  ---------------

OS: Windows 10 , 64 bit Build 22621 (10.0.22621.1325)

CPU:total 12 (initial active 12) (6 cores per cpu, 2 threads per core) family 6 model 158 stepping 10, cmov, cx8, fxsr, mmx, sse, sse2, sse3, ssse3, sse4.1, sse4.2, popcnt, avx, avx2, aes, clmul, erms, 3dnowpref, lzcnt, ht, tsc, tscinvbit, bmi1, bmi2, adx, fma

Memory: 4k page, system-wide physical 16257M (7363M free)
TotalPageFile size 32216M (AvailPageFile size 155M)
current process WorkingSet (physical memory assigned to process): 10M, peak: 10M
current process commit charge ("private bytes"): 65M, peak: 320M

vm_info: Java HotSpot(TM) 64-Bit Server VM (11.0.2+9-LTS) for windows-amd64 JRE (11.0.2+9-LTS), built on Jan 18 2019 05:24:10 by "mach5one" with MS VC++ 15.5 (VS2017)

END.
